<?xml version="1.0" encoding="UTF-8"?>
<!-- Generated by org.testng.reporters.JUnitReportReporter -->
<testsuite skipped="0" hostname="Nahids-MBP.fios-router.home" name="codepractice.com.CrossBrowser" tests="2" failures="0" timestamp="08 Nov 2020 01:23:01 GMT" time="8.767" errors="0">
  <testcase name="sampletest" time="4.498" classname="codepractice.com.CrossBrowser"/>
  <testcase name="sampletest" time="4.269" classname="codepractice.com.CrossBrowser"/>
</testsuite> <!-- codepractice.com.CrossBrowser -->
