<?xml version="1.0" encoding="UTF-8"?>
<!-- Generated by org.testng.reporters.JUnitReportReporter -->
<testsuite skipped="0" hostname="Nahids-MBP.fios-router.home" name="testrunner.com.TestRunner" tests="1" failures="0" timestamp="24 Nov 2020 23:32:28 GMT" time="3.722" errors="0">
  <testcase name="feature" time="3.722" classname="testrunner.com.TestRunner"/>
</testsuite> <!-- testrunner.com.TestRunner -->
